2025-07-07 19:54:31,375 DEBUG    root            Loaded Command Group: ['gcloud', 'components']
2025-07-07 19:54:31,376 DEBUG    root            Loaded Command Group: ['gcloud', 'components', 'update']
2025-07-07 19:54:31,378 DEBUG    root            Running [gcloud.components.update] with arguments: [--quiet: "True", COMPONENT-IDS:8: "['gcloud', 'core', 'bq', 'gsutil', 'compute', 'preview', 'alpha', 'beta']"]
2025-07-07 19:54:31,379 INFO     ___FILE_ONLY___ Beginning update. This process may take several minutes.

2025-07-07 19:54:31,387 DEBUG    urllib3.connectionpool Starting new HTTPS connection (1): dl.google.com:443
2025-07-07 19:54:32,298 DEBUG    urllib3.connectionpool https://dl.google.com:443 "GET /dl/cloudsdk/channels/rapid/components-2.json HTTP/11" 200 239798
2025-07-07 19:54:32,312 WARNING  root            Component [compute] no longer exists.
2025-07-07 19:54:32,313 INFO     ___FILE_ONLY___ 

2025-07-07 19:54:32,313 INFO     ___FILE_ONLY___ 
Your current Google Cloud CLI version is: 529.0.0

2025-07-07 19:54:32,313 INFO     ___FILE_ONLY___ Installing components from version: 529.0.0

2025-07-07 19:54:32,313 INFO     ___FILE_ONLY___ 

2025-07-07 19:54:32,313 DEBUG    root            Chosen display Format:table[box,title="These components will be removed."](details.display_name:label=Name:align=left,version.version_string:label=Version:align=right,data.size.size(zero="",min=1048576):label=Size:align=right)
2025-07-07 19:54:32,314 DEBUG    root            Chosen display Format:table[box,title="These components will be updated."](details.display_name:label=Name:align=left,version.version_string:label=Version:align=right,data.size.size(zero="",min=1048576):label=Size:align=right)
2025-07-07 19:54:32,314 DEBUG    root            Chosen display Format:table[box,title="These components will be installed."](details.display_name:label=Name:align=left,version.version_string:label=Version:align=right,data.size.size(zero="",min=1048576):label=Size:align=right)
2025-07-07 19:54:32,327 INFO     ___FILE_ONLY___ ┌────────────────────────────────────────────────┐
2025-07-07 19:54:32,327 INFO     ___FILE_ONLY___ 

2025-07-07 19:54:32,327 INFO     ___FILE_ONLY___ │      These components will be installed.       │
2025-07-07 19:54:32,328 INFO     ___FILE_ONLY___ 

2025-07-07 19:54:32,328 INFO     ___FILE_ONLY___ ├─────────────────────────┬────────────┬─────────┤
2025-07-07 19:54:32,328 INFO     ___FILE_ONLY___ 

2025-07-07 19:54:32,328 INFO     ___FILE_ONLY___ │           Name          │  Version   │   Size  │
2025-07-07 19:54:32,328 INFO     ___FILE_ONLY___ 

2025-07-07 19:54:32,328 INFO     ___FILE_ONLY___ ├─────────────────────────┼────────────┼─────────┤
2025-07-07 19:54:32,328 INFO     ___FILE_ONLY___ 

2025-07-07 19:54:32,328 INFO     ___FILE_ONLY___ │ 
2025-07-07 19:54:32,328 INFO     ___FILE_ONLY___ gcloud Alpha Commands  
2025-07-07 19:54:32,328 INFO     ___FILE_ONLY___  
2025-07-07 19:54:32,328 INFO     ___FILE_ONLY___ │ 
2025-07-07 19:54:32,328 INFO     ___FILE_ONLY___ 2025.06.27
2025-07-07 19:54:32,328 INFO     ___FILE_ONLY___  
2025-07-07 19:54:32,328 INFO     ___FILE_ONLY___ │ 
2025-07-07 19:54:32,328 INFO     ___FILE_ONLY___ < 1 MiB
2025-07-07 19:54:32,328 INFO     ___FILE_ONLY___  
2025-07-07 19:54:32,328 INFO     ___FILE_ONLY___ │
2025-07-07 19:54:32,328 INFO     ___FILE_ONLY___ 

2025-07-07 19:54:32,328 INFO     ___FILE_ONLY___ │ 
2025-07-07 19:54:32,328 INFO     ___FILE_ONLY___ gcloud Beta Commands   
2025-07-07 19:54:32,329 INFO     ___FILE_ONLY___  
2025-07-07 19:54:32,329 INFO     ___FILE_ONLY___ │ 
2025-07-07 19:54:32,329 INFO     ___FILE_ONLY___ 2025.06.27
2025-07-07 19:54:32,329 INFO     ___FILE_ONLY___  
2025-07-07 19:54:32,329 INFO     ___FILE_ONLY___ │ 
2025-07-07 19:54:32,329 INFO     ___FILE_ONLY___ < 1 MiB
2025-07-07 19:54:32,329 INFO     ___FILE_ONLY___  
2025-07-07 19:54:32,329 INFO     ___FILE_ONLY___ │
2025-07-07 19:54:32,329 INFO     ___FILE_ONLY___ 

2025-07-07 19:54:32,329 INFO     ___FILE_ONLY___ │ 
2025-07-07 19:54:32,329 INFO     ___FILE_ONLY___ gcloud Preview Commands
2025-07-07 19:54:32,329 INFO     ___FILE_ONLY___  
2025-07-07 19:54:32,329 INFO     ___FILE_ONLY___ │ 
2025-07-07 19:54:32,329 INFO     ___FILE_ONLY___           
2025-07-07 19:54:32,329 INFO     ___FILE_ONLY___  
2025-07-07 19:54:32,329 INFO     ___FILE_ONLY___ │ 
2025-07-07 19:54:32,329 INFO     ___FILE_ONLY___ < 1 MiB
2025-07-07 19:54:32,329 INFO     ___FILE_ONLY___  
2025-07-07 19:54:32,329 INFO     ___FILE_ONLY___ │
2025-07-07 19:54:32,329 INFO     ___FILE_ONLY___ 

2025-07-07 19:54:32,330 INFO     ___FILE_ONLY___ └─────────────────────────┴────────────┴─────────┘
2025-07-07 19:54:32,330 INFO     ___FILE_ONLY___ 

2025-07-07 19:54:32,330 INFO     ___FILE_ONLY___ 

2025-07-07 19:54:32,333 DEBUG    urllib3.connectionpool Starting new HTTPS connection (1): dl.google.com:443
2025-07-07 19:54:33,265 DEBUG    urllib3.connectionpool https://dl.google.com:443 "GET /dl/cloudsdk/channels/rapid/RELEASE_NOTES HTTP/11" 200 1444035
2025-07-07 19:54:33,703 INFO     ___FILE_ONLY___ For the latest full release notes, please visit:
  https://cloud.google.com/sdk/release_notes


2025-07-07 19:54:33,704 INFO     ___FILE_ONLY___ Performing in place update...


2025-07-07 19:54:33,706 INFO     ___FILE_ONLY___ ╔════════════════════════════════════════════════════════════╗

2025-07-07 19:54:33,706 INFO     ___FILE_ONLY___ ╠═ Downloading: gcloud Alpha Commands                       ═╣

2025-07-07 19:54:33,706 INFO     ___FILE_ONLY___ ╚
2025-07-07 19:54:33,709 DEBUG    urllib3.connectionpool Starting new HTTPS connection (1): dl.google.com:443
2025-07-07 19:54:33,878 DEBUG    urllib3.connectionpool https://dl.google.com:443 "GET /dl/cloudsdk/channels/rapid/components/google-cloud-sdk-alpha-20250627154417.tar.gz HTTP/11" 200 800
2025-07-07 19:54:33,878 INFO     ___FILE_ONLY___ ════════════════════════════════════════════════════════════
2025-07-07 19:54:33,878 INFO     ___FILE_ONLY___ ╝

2025-07-07 19:54:33,881 INFO     ___FILE_ONLY___ ╔════════════════════════════════════════════════════════════╗

2025-07-07 19:54:33,881 INFO     ___FILE_ONLY___ ╠═ Downloading: gcloud Beta Commands                        ═╣

2025-07-07 19:54:33,881 INFO     ___FILE_ONLY___ ╚
2025-07-07 19:54:33,884 DEBUG    urllib3.connectionpool Starting new HTTPS connection (1): dl.google.com:443
2025-07-07 19:54:34,047 DEBUG    urllib3.connectionpool https://dl.google.com:443 "GET /dl/cloudsdk/channels/rapid/components/google-cloud-sdk-beta-20250627154417.tar.gz HTTP/11" 200 797
2025-07-07 19:54:34,048 INFO     ___FILE_ONLY___ ════════════════════════════════════════════════════════════
2025-07-07 19:54:34,048 INFO     ___FILE_ONLY___ ╝

2025-07-07 19:54:34,050 INFO     ___FILE_ONLY___ ╔════════════════════════════════════════════════════════════╗

2025-07-07 19:54:34,050 INFO     ___FILE_ONLY___ ╠═ Downloading: gcloud Preview Commands                     ═╣

2025-07-07 19:54:34,051 INFO     ___FILE_ONLY___ ╚
2025-07-07 19:54:34,054 DEBUG    urllib3.connectionpool Starting new HTTPS connection (1): dl.google.com:443
2025-07-07 19:54:34,972 DEBUG    urllib3.connectionpool https://dl.google.com:443 "GET /dl/cloudsdk/channels/rapid/components/google-cloud-sdk-preview-20241115154308.tar.gz HTTP/11" 200 823
2025-07-07 19:54:34,973 INFO     ___FILE_ONLY___ ════════════════════════════════════════════════════════════
2025-07-07 19:54:34,973 INFO     ___FILE_ONLY___ ╝

2025-07-07 19:54:34,975 INFO     ___FILE_ONLY___ ╔════════════════════════════════════════════════════════════╗

2025-07-07 19:54:34,975 INFO     ___FILE_ONLY___ ╠═ Installing: gcloud Alpha Commands                        ═╣

2025-07-07 19:54:34,975 INFO     ___FILE_ONLY___ ╚
2025-07-07 19:54:34,976 INFO     ___FILE_ONLY___ ════════════════════════════════════════════════════════════
2025-07-07 19:54:34,976 INFO     ___FILE_ONLY___ ╝

2025-07-07 19:54:34,982 INFO     ___FILE_ONLY___ ╔════════════════════════════════════════════════════════════╗

2025-07-07 19:54:34,982 INFO     ___FILE_ONLY___ ╠═ Installing: gcloud Beta Commands                         ═╣

2025-07-07 19:54:34,982 INFO     ___FILE_ONLY___ ╚
2025-07-07 19:54:34,982 INFO     ___FILE_ONLY___ ════════════════════════════════════════════════════════════
2025-07-07 19:54:34,983 INFO     ___FILE_ONLY___ ╝

2025-07-07 19:54:34,987 INFO     ___FILE_ONLY___ ╔════════════════════════════════════════════════════════════╗

2025-07-07 19:54:34,987 INFO     ___FILE_ONLY___ ╠═ Installing: gcloud Preview Commands                      ═╣

2025-07-07 19:54:34,987 INFO     ___FILE_ONLY___ ╚
2025-07-07 19:54:34,987 INFO     ___FILE_ONLY___ ════════════════════════════════════════════════════════════
2025-07-07 19:54:34,987 INFO     ___FILE_ONLY___ ╝

2025-07-07 19:54:34,992 DEBUG    root            Updating notification cache...
2025-07-07 19:54:34,992 INFO     ___FILE_ONLY___ 

2025-07-07 19:54:34,994 INFO     ___FILE_ONLY___ Performing post processing steps...
2025-07-07 19:54:34,994 DEBUG    root            Executing command: ['/tools/google-cloud-sdk/bin/gcloud', 'components', 'post-process']
2025-07-07 19:54:43,433 DEBUG    ___FILE_ONLY___ 
2025-07-07 19:54:43,433 DEBUG    ___FILE_ONLY___ 
2025-07-07 19:54:43,523 INFO     root            descriptor_list: [{'universeDomain': 'googleapis.com', 'universeShortName': '', 'authenticationDomain': 'auth.cloud.google.com', 'projectPrefix': '', 'cloudWebDomain': 'cloud.google.com', 'documentationDomain': 'cloud.google.com', 'version': '1.0.0', 'state': 'primary', 'artifactRegistryDomain': 'pkg.dev'}]
2025-07-07 19:54:43,523 INFO     ___FILE_ONLY___ 
Update done!


2025-07-07 19:54:43,525 DEBUG    root            Chosen display Format:none
2025-07-07 19:54:43,526 INFO     root            Display format: "none"
